<?xml version="1.0" encoding="UTF-8"?>
<!-- Generated by org.testng.reporters.JUnitReportReporter -->
<testsuite skipped="0" hostname="MOHAN-PC" name="maven.MavenTest" tests="1" failures="0" timestamp="13 Apr 2017 08:06:36 GMT" time="0.041" errors="0">
  <testcase name="test" time="0.041" classname="maven.MavenTest"/>
</testsuite> <!-- maven.MavenTest -->
